TN:
SF:src/common/math/DecimalMath.sol
FN:16,DecimalMath.scale
FN:41,DecimalMath.valueInWad
FN:56,DecimalMath.ratioWad
FNDA:2,DecimalMath.ratioWad
FNDA:831,DecimalMath.scale
FNDA:790,DecimalMath.valueInWad
FNF:3
FNH:3
BRDA:21,0,0,1
BRDA:22,1,0,1
BRDA:24,2,0,811
BRDA:27,3,0,16
BRDA:48,4,0,1
BRDA:61,5,0,1
BRDA:61,5,1,1
BRF:7
BRH:7
DA:16,831
DA:21,831
DA:22,830
DA:24,829
DA:26,18
DA:27,18
DA:28,16
DA:31,16
DA:34,2
DA:37,2
DA:41,790
DA:48,790
DA:50,789
DA:52,789
DA:56,2
DA:61,2
DA:62,1
LF:17
LH:17
end_of_record
TN:
SF:src/common/token/TokenTransfer.sol
FN:15,TokenTransfer.pullExact
FN:27,TokenTransfer.pullBalanceDelta
FN:37,TokenTransfer.pushExact
FN:49,TokenTransfer.pushBalanceDelta
FNDA:5,TokenTransfer.pullExact
FNDA:15,TokenTransfer.pushBalanceDelta
FNDA:9,TokenTransfer.pullBalanceDelta
FNDA:10,TokenTransfer.pushExact
FNF:4
FNH:4
BRDA:16,0,0,1
BRDA:16,0,1,4
BRDA:24,1,0,1
BRDA:28,2,0,1
BRDA:28,2,1,8
BRDA:40,3,0,1
BRDA:44,4,0,1
BRDA:53,5,0,2
BRDA:53,5,1,13
BRDA:54,6,0,1
BRDA:54,6,1,12
BRDA:55,7,0,1
BRDA:55,7,1,11
BRF:13
BRH:13
DA:15,5
DA:16,5
DA:18,4
DA:20,4
DA:22,3
DA:24,3
DA:27,9
DA:28,9
DA:30,8
DA:32,8
DA:34,8
DA:37,10
DA:38,10
DA:40,5
DA:41,1
DA:44,4
DA:45,1
DA:49,15
DA:53,15
DA:54,13
DA:55,12
DA:57,11
DA:58,11
DA:60,11
DA:62,9
DA:63,9
DA:65,9
DA:66,9
LF:28
LH:28
end_of_record
TN:
SF:src/labs/integrations/ExactApprovalAdapter.sol
FN:21,ExactApprovalAdapter.constructor
FN:26,ExactApprovalAdapter.executeExact
FNDA:8,ExactApprovalAdapter.executeExact
FNDA:10,ExactApprovalAdapter.constructor
FNF:2
FNH:2
BRDA:22,0,0,1
BRDA:22,0,1,9
BRDA:27,1,0,1
BRDA:27,1,1,6
BRDA:28,2,0,1
BRDA:28,2,1,5
BRDA:41,3,0,1
BRF:7
BRH:7
DA:21,10
DA:22,10
DA:23,9
DA:26,8
DA:27,7
DA:28,6
DA:30,5
DA:32,5
DA:34,5
DA:36,3
DA:38,3
DA:39,3
DA:41,3
DA:42,1
LF:14
LH:14
end_of_record
TN:
SF:src/labs/oracles/AssetOracleRouter.sol
FN:48,AssetOracleRouter.setOracleConfig
FN:73,AssetOracleRouter.enableAsset
FN:91,AssetOracleRouter.disableAsset
FN:109,AssetOracleRouter.getOracleConfig
FN:113,AssetOracleRouter.valueOf
FN:140,AssetOracleRouter.collateralValueOf
FN:157,AssetOracleRouter.debtValueOf
FN:170,AssetOracleRouter._getEnabledConfig
FNDA:8,AssetOracleRouter.disableAsset
FNDA:9,AssetOracleRouter._getEnabledConfig
FNDA:37,AssetOracleRouter.setOracleConfig
FNDA:6,AssetOracleRouter.collateralValueOf
FNDA:5,AssetOracleRouter.valueOf
FNDA:5,AssetOracleRouter.enableAsset
FNDA:4,AssetOracleRouter.debtValueOf
FNDA:33,AssetOracleRouter.getOracleConfig
FNF:8
FNH:8
BRDA:52,0,0,1
BRDA:52,0,1,35
BRDA:53,1,0,1
BRDA:53,1,1,34
BRDA:54,2,0,1
BRDA:54,2,1,33
BRDA:56,3,0,1
BRDA:59,4,0,1
BRDA:59,4,1,31
BRDA:62,5,0,1
BRDA:62,5,1,30
BRDA:74,6,0,1
BRDA:74,6,1,3
BRDA:78,7,0,1
BRDA:82,8,0,1
BRDA:92,9,0,1
BRDA:92,9,1,6
BRDA:96,10,0,1
BRDA:100,11,0,1
BRDA:118,12,0,1
BRDA:118,12,1,4
BRDA:119,13,0,1
BRDA:119,13,1,3
BRDA:125,14,0,1
BRDA:125,14,1,1
BRDA:127,15,0,1
BRDA:127,15,1,1
BRDA:145,16,0,1
BRDA:145,16,1,5
BRDA:146,17,0,1
BRDA:146,17,1,4
BRDA:158,18,0,1
BRDA:158,18,1,3
BRDA:159,19,0,1
BRDA:159,19,1,2
BRDA:173,20,0,1
BRDA:177,21,0,1
BRF:37
BRH:37
DA:48,37
DA:52,36
DA:53,35
DA:54,34
DA:56,33
DA:58,32
DA:59,32
DA:61,31
DA:62,31
DA:64,30
DA:66,30
DA:70,30
DA:73,5
DA:74,4
DA:76,3
DA:78,3
DA:79,1
DA:82,1
DA:83,1
DA:86,1
DA:88,1
DA:91,8
DA:92,7
DA:94,6
DA:96,6
DA:97,1
DA:100,5
DA:101,1
DA:104,4
DA:106,4
DA:109,33
DA:110,33
DA:113,5
DA:118,5
DA:119,4
DA:121,3
DA:123,3
DA:125,3
DA:126,1
DA:127,2
DA:128,1
DA:130,1
DA:133,2
DA:135,2
DA:137,2
DA:140,6
DA:145,6
DA:146,5
DA:148,4
DA:150,2
DA:152,2
DA:154,2
DA:157,4
DA:158,4
DA:159,3
DA:161,2
DA:163,2
DA:165,2
DA:167,2
DA:170,9
DA:171,9
DA:173,9
DA:174,1
DA:177,8
DA:178,1
LF:65
LH:65
end_of_record
TN:
SF:src/labs/oracles/CollateralValueOracle.sol
FN:16,CollateralValueOracle.constructor
FN:27,CollateralValueOracle.collateralValue
FN:35,CollateralValueOracle.debtValue
FNDA:1,CollateralValueOracle.debtValue
FNDA:10,CollateralValueOracle.constructor
FNDA:4,CollateralValueOracle.collateralValue
FNF:3
FNH:3
BRDA:17,0,0,1
BRDA:17,0,1,9
BRDA:19,1,0,1
BRF:3
BRH:3
DA:16,10
DA:17,10
DA:19,9
DA:20,1
DA:23,8
DA:24,8
DA:27,4
DA:28,4
DA:30,4
DA:32,4
DA:35,1
DA:36,1
DA:38,1
DA:40,1
LF:14
LH:14
end_of_record
TN:
SF:src/labs/oracles/OracleDeviationGuard.sol
FN:26,OracleDeviationGuard.constructor
FN:45,OracleDeviationGuard.latestPrice
FN:63,OracleDeviationGuard.baseIdentifier
FN:67,OracleDeviationGuard.quoteIdentifier
FNDA:9,OracleDeviationGuard.latestPrice
FNDA:1,OracleDeviationGuard.quoteIdentifier
FNDA:28,OracleDeviationGuard.constructor
FNDA:1,OracleDeviationGuard.baseIdentifier
FNF:4
FNH:4
BRDA:27,0,0,1
BRDA:27,0,1,27
BRDA:28,1,0,1
BRDA:28,1,1,26
BRDA:29,2,0,2
BRDA:29,2,1,24
BRDA:30,3,0,2
BRDA:30,3,1,22
BRDA:34,4,0,1
BRDA:34,4,1,21
BRDA:38,5,0,1
BRDA:38,5,1,20
BRDA:49,6,0,1
BRDA:49,6,1,8
BRDA:56,7,0,3
BRF:15
BRH:15
DA:26,28
DA:27,28
DA:28,27
DA:29,26
DA:30,24
DA:32,22
DA:33,22
DA:34,22
DA:36,21
DA:37,21
DA:38,21
DA:40,20
DA:41,20
DA:42,20
DA:45,9
DA:46,9
DA:48,9
DA:49,9
DA:51,8
DA:52,8
DA:54,8
DA:56,8
DA:57,3
DA:60,5
DA:63,1
DA:64,1
DA:67,1
DA:68,1
LF:28
LH:28
end_of_record
TN:
SF:src/labs/oracles/OracleValuation.sol
FN:10,OracleValuation.valueInWad
FN:22,OracleValuation.amountFromValueWad
FNDA:520,OracleValuation.amountFromValueWad
FNDA:789,OracleValuation.valueInWad
FNF:2
FNH:2
BRDA:15,0,0,1
BRDA:16,1,0,1
BRDA:16,1,1,787
BRDA:27,2,0,1
BRDA:28,3,0,1
BRDA:28,3,1,518
BRF:6
BRH:6
DA:10,789
DA:15,789
DA:16,788
DA:19,787
DA:22,520
DA:27,520
DA:28,519
DA:31,518
LF:8
LH:8
end_of_record
TN:
SF:src/labs/oracles/PushOracleAdapter.sol
FN:28,PushOracleAdapter.constructor
FN:44,PushOracleAdapter.latestPrice
FNDA:36,PushOracleAdapter.latestPrice
FNDA:101,PushOracleAdapter.constructor
FNF:2
FNH:2
BRDA:29,0,0,1
BRDA:29,0,1,100
BRDA:30,1,0,3
BRDA:33,2,0,1
BRDA:33,2,1,96
BRDA:37,3,0,1
BRDA:47,4,0,1
BRDA:47,4,1,35
BRDA:48,5,0,2
BRDA:48,5,1,33
BRDA:49,6,0,1
BRDA:49,6,1,32
BRDA:50,7,0,1
BRDA:50,7,1,31
BRDA:53,8,0,1
BRDA:53,8,1,30
BRDA:54,9,0,1
BRDA:54,9,1,29
BRF:18
BRH:18
DA:28,101
DA:29,101
DA:30,100
DA:31,3
DA:33,97
DA:35,96
DA:36,96
DA:37,96
DA:39,95
DA:40,95
DA:41,95
DA:44,36
DA:45,36
DA:47,36
DA:48,35
DA:49,33
DA:50,32
DA:52,31
DA:53,31
DA:54,30
DA:59,29
DA:60,29
LF:22
LH:22
end_of_record
TN:
SF:src/labs/oracles/UniswapV3TwapOracleAdapter.sol
FN:42,UniswapV3TwapOracleAdapter.constructor
FN:93,UniswapV3TwapOracleAdapter.latestPrice
FN:119,UniswapV3TwapOracleAdapter._latestObservationTimestamp
FNDA:31,UniswapV3TwapOracleAdapter.constructor
FNDA:10,UniswapV3TwapOracleAdapter.latestPrice
FNDA:10,UniswapV3TwapOracleAdapter._latestObservationTimestamp
FNF:3
FNH:3
BRDA:51,0,0,1
BRDA:51,0,1,30
BRDA:52,1,0,1
BRDA:52,1,1,29
BRDA:53,2,0,1
BRDA:53,2,1,28
BRDA:54,3,0,1
BRDA:54,3,1,27
BRDA:55,4,0,3
BRDA:58,5,0,1
BRDA:58,5,1,23
BRDA:59,6,0,1
BRDA:59,6,1,22
BRDA:67,7,0,2
BRDA:73,8,0,1
BRDA:76,9,0,1
BRDA:106,10,0,-
BRDA:116,11,0,1
BRDA:124,12,0,1
BRDA:134,13,0,1
BRF:20
BRH:19
DA:42,31
DA:51,31
DA:52,30
DA:53,29
DA:54,28
DA:55,27
DA:56,3
DA:58,24
DA:59,23
DA:61,22
DA:62,22
DA:63,22
DA:65,22
DA:66,22
DA:67,22
DA:68,2
DA:71,20
DA:72,20
DA:73,20
DA:74,1
DA:76,19
DA:77,1
DA:80,18
DA:81,18
DA:83,18
DA:84,18
DA:86,18
DA:87,18
DA:89,18
DA:90,18
DA:93,10
DA:94,10
DA:96,8
DA:97,8
DA:98,8
DA:100,8
DA:102,7
DA:104,7
DA:106,5
DA:107,0
DA:110,5
DA:112,5
DA:114,5
DA:116,5
DA:119,10
DA:120,10
DA:122,10
DA:124,10
DA:126,9
DA:129,9
DA:132,9
DA:134,9
DA:135,1
LF:53
LH:52
end_of_record
TN:
SF:src/labs/oracles/libraries/UniswapV3OracleMath.sol
FN:27,UniswapV3OracleMath.arithmeticMeanTick
FN:42,UniswapV3OracleMath.getQuoteAtTick
FNDA:13,UniswapV3OracleMath.arithmeticMeanTick
FNDA:9,UniswapV3OracleMath.getQuoteAtTick
FNF:2
FNH:2
BRDA:31,0,0,1
BRDA:35,1,0,4
BRDA:49,2,0,8
BRDA:49,2,1,-
BRF:4
BRH:3
DA:27,13
DA:28,13
DA:29,13
DA:31,13
DA:32,1
DA:35,13
DA:36,4
DA:39,9
DA:42,9
DA:47,9
DA:49,9
DA:50,8
DA:52,8
DA:56,1
DA:58,1
LF:15
LH:15
end_of_record
TN:
SF:src/labs/token/TokenBank.sol
FN:15,TokenBank.deposit
FN:21,TokenBank.withdrawVulnerable
FN:32,TokenBank.withdrawProtected
FNDA:2,TokenBank.withdrawProtected
FNDA:7,TokenBank.deposit
FNDA:3,TokenBank.withdrawVulnerable
FNF:3
FNH:3
BRDA:24,0,0,1
BRF:1
BRH:1
DA:15,7
DA:16,7
DA:18,7
DA:21,3
DA:22,3
DA:24,3
DA:26,2
DA:29,2
DA:32,2
DA:33,1
DA:35,1
LF:11
LH:11
end_of_record
TN:
SF:src/vault/HardenedVault.sol
FN:35,HardenedVault.constructor
FN:39,HardenedVault.totalAssets
FN:43,HardenedVault.convertToShares
FN:47,HardenedVault.convertToAssets
FN:51,HardenedVault.deposit
FN:78,HardenedVault.mint
FN:99,HardenedVault.withdraw
FN:118,HardenedVault.redeem
FN:132,HardenedVault._mintShares
FN:137,HardenedVault._burnShares
FNDA:0,HardenedVault.mint
FNDA:3,HardenedVault.constructor
FNDA:0,HardenedVault.convertToShares
FNDA:4,HardenedVault.deposit
FNDA:4,HardenedVault._mintShares
FNDA:0,HardenedVault.convertToAssets
FNDA:2,HardenedVault._burnShares
FNDA:1,HardenedVault.withdraw
FNDA:1,HardenedVault.redeem
FNDA:2,HardenedVault.totalAssets
FNF:10
FNH:7
BRDA:52,0,0,-
BRDA:52,0,1,4
BRDA:60,1,0,-
BRDA:61,2,0,-
BRDA:67,3,0,-
BRDA:79,4,0,-
BRDA:79,4,1,-
BRDA:83,5,0,-
BRDA:84,6,0,-
BRDA:92,7,0,-
BRDA:100,8,0,-
BRDA:100,8,1,1
BRDA:105,9,0,-
BRDA:106,10,0,-
BRDA:107,11,0,-
BRDA:119,12,0,-
BRDA:119,12,1,1
BRDA:120,13,0,-
BRDA:120,13,1,1
BRDA:124,14,0,-
BRDA:125,15,0,-
BRF:21
BRH:4
DA:35,3
DA:36,3
DA:39,2
DA:40,16
DA:43,0
DA:44,5
DA:47,0
DA:48,1
DA:51,4
DA:52,4
DA:55,4
DA:59,4
DA:60,4
DA:61,4
DA:63,4
DA:65,4
DA:67,4
DA:68,0
DA:71,4
DA:78,0
DA:79,0
DA:81,0
DA:83,0
DA:84,0
DA:86,0
DA:88,0
DA:90,0
DA:92,0
DA:93,0
DA:96,0
DA:99,1
DA:100,1
DA:103,1
DA:105,1
DA:106,1
DA:107,1
DA:111,1
DA:113,1
DA:118,1
DA:119,1
DA:120,1
DA:122,1
DA:124,1
DA:125,1
DA:127,1
DA:129,1
DA:132,4
DA:133,4
DA:134,4
DA:137,2
DA:138,2
DA:139,2
LF:52
LH:38
end_of_record
